<?xml version="1.0" encoding="UTF-8"?>
<testsuite name="test" tests="1" skipped="0" failures="0" errors="0" timestamp="2016-12-27T07:55:06" hostname="honmatakumi-no-MacBook-Pro.local" time="0.003">
  <properties/>
  <testcase name="testAdd" classname="test" time="0.003"/>
  <system-out><![CDATA[]]></system-out>
  <system-err><![CDATA[]]></system-err>
</testsuite>
